<?xml version="1.0" encoding="UTF-8"?>
<!-- Generated by org.testng.reporters.JUnitReportReporter -->
<testsuite hostname="DESKTOP-K87KMHG" failures="0" tests="1" name="testCases.Test_GoogleSearchPageObject" time="6.997" errors="0" timestamp="2021-03-04T20:15:13 EST" skipped="0">
  <testcase classname="testCases.Test_GoogleSearchPageObject" name="testSearch" time="6.997"/>
  <system-out/>
</testsuite> <!-- testCases.Test_GoogleSearchPageObject -->
