<?xml version="1.0" encoding="UTF-8"?>
<!-- Generated by org.testng.reporters.JUnitReportReporter -->
<testsuite hostname="DESKTOP-K87KMHG" failures="0" tests="1" name="com.smallProject.testCases.Test_GoogleSearchPageObject" time="7.230" errors="0" timestamp="2021-03-05T18:16:20 EST" skipped="0">
  <testcase classname="com.smallProject.testCases.Test_GoogleSearchPageObject" name="testSearch" time="7.230"/>
  <system-out/>
</testsuite> <!-- com.smallProject.testCases.Test_GoogleSearchPageObject -->
