<?xml version="1.0" encoding="UTF-8"?>
<!-- Generated by org.testng.reporters.JUnitReportReporter -->
<testsuite hostname="DESKTOP-K87KMHG" failures="0" tests="1" name="com.smallProject.testCases.HomePageTest" time="1.281" errors="0" timestamp="2021-03-12T15:44:44 EST" skipped="0">
  <testcase classname="com.smallProject.testCases.HomePageTest" name="clickLoginButton" time="1.281"/>
  <system-out/>
</testsuite> <!-- com.smallProject.testCases.HomePageTest -->
