<?xml version="1.0" encoding="UTF-8"?>
<!-- Generated by org.testng.reporters.JUnitReportReporter -->
<testsuite hostname="DESKTOP-K87KMHG" failures="0" tests="1" name="com.smallProject.testCases.LoginTest" time="3.296" errors="0" timestamp="2021-03-12T15:44:44 EST" skipped="0">
  <testcase classname="com.smallProject.testCases.LoginTest" name="loginTest" time="3.296"/>
  <system-out/>
</testsuite> <!-- com.smallProject.testCases.LoginTest -->
